# JRE version: 7.0_09-b30
# Java VM: OpenJDK 64-Bit Server VM (23.2-b09 mixed mode linux-amd64 compressed oops)
Heap
 PSYoungGen      total 136256K, used 33271K [0x00000000eb600000, 0x00000000f91b0000, 0x0000000100000000)
  eden space 120512K, 19% used [0x00000000eb600000,0x00000000ecd5ee98,0x00000000f2bb0000)
  from space 15744K, 59% used [0x00000000f2bb0000,0x00000000f34cef10,0x00000000f3b10000)
  to   space 16064K, 0% used [0x00000000f8200000,0x00000000f8200000,0x00000000f91b0000)
 ParOldGen       total 42240K, used 24696K [0x00000000c2200000, 0x00000000c4b40000, 0x00000000eb600000)
  object space 42240K, 58% used [0x00000000c2200000,0x00000000c3a1e0e0,0x00000000c4b40000)
 PSPermGen       total 25664K, used 25615K [0x00000000b7c00000, 0x00000000b9510000, 0x00000000c2200000)
  object space 25664K, 99% used [0x00000000b7c00000,0x00000000b9503c08,0x00000000b9510000)
GC Heap History (10 events):
Event: 4.478 GC heap before
{Heap before GC invocations=5 (full 0):
 PSYoungGen      total 34240K, used 34226K [0x00000000eb600000, 0x00000000eda00000, 0x0000000100000000)
  eden space 31616K, 100% used [0x00000000eb600000,0x00000000ed4e0000,0x00000000ed4e0000)
  from space 2624K, 99% used [0x00000000ed770000,0x00000000ed9fca10,0x00000000eda00000)
  to   space 2624K, 0% used [0x00000000ed4e0000,0x00000000ed4e0000,0x00000000ed770000)
 ParOldGen       total 42240K, used 12528K [0x00000000c2200000, 0x00000000c4b40000, 0x00000000eb600000)
  object space 42240K, 29% used [0x00000000c2200000,0x00000000c2e3c1a0,0x00000000c4b40000)
 PSPermGen       total 21824K, used 21700K [0x00000000b7c00000, 0x00000000b9150000, 0x00000000c2200000)
  object space 21824K, 99% used [0x00000000b7c00000,0x00000000b91311e0,0x00000000b9150000)
Event: 4.487 GC heap after
Heap after GC invocations=5 (full 0):
 PSYoungGen      total 34240K, used 2594K [0x00000000eb600000, 0x00000000f06a0000, 0x0000000100000000)
  eden space 31616K, 0% used [0x00000000eb600000,0x00000000eb600000,0x00000000ed4e0000)
  from space 2624K, 98% used [0x00000000ed4e0000,0x00000000ed768a20,0x00000000ed770000)
  to   space 9664K, 0% used [0x00000000efd30000,0x00000000efd30000,0x00000000f06a0000)
 ParOldGen       total 42240K, used 12544K [0x00000000c2200000, 0x00000000c4b40000, 0x00000000eb600000)
  object space 42240K, 29% used [0x00000000c2200000,0x00000000c2e401a0,0x00000000c4b40000)
 PSPermGen       total 21824K, used 21700K [0x00000000b7c00000, 0x00000000b9150000, 0x00000000c2200000)
  object space 21824K, 99% used [0x00000000b7c00000,0x00000000b91311e0,0x00000000b9150000)
}
Event: 4.542 GC heap before
{Heap before GC invocations=6 (full 0):
 PSYoungGen      total 34240K, used 34210K [0x00000000eb600000, 0x00000000f06a0000, 0x0000000100000000)
  eden space 31616K, 100% used [0x00000000eb600000,0x00000000ed4e0000,0x00000000ed4e0000)
  from space 2624K, 98% used [0x00000000ed4e0000,0x00000000ed768a20,0x00000000ed770000)
  to   space 9664K, 0% used [0x00000000efd30000,0x00000000efd30000,0x00000000f06a0000)
 ParOldGen       total 42240K, used 12544K [0x00000000c2200000, 0x00000000c4b40000, 0x00000000eb600000)
  object space 42240K, 29% used [0x00000000c2200000,0x00000000c2e401a0,0x00000000c4b40000)
 PSPermGen       total 21824K, used 21700K [0x00000000b7c00000, 0x00000000b9150000, 0x00000000c2200000)
  object space 21824K, 99% used [0x00000000b7c00000,0x00000000b91311e0,0x00000000b9150000)
Event: 4.549 GC heap after
Heap after GC invocations=6 (full 0):
 PSYoungGen      total 72640K, used 2610K [0x00000000eb600000, 0x00000000f0660000, 0x0000000100000000)
  eden space 63232K, 0% used [0x00000000eb600000,0x00000000eb600000,0x00000000ef3c0000)
  from space 9408K, 27% used [0x00000000efd30000,0x00000000effbca10,0x00000000f0660000)
  to   space 9536K, 0% used [0x00000000ef3c0000,0x00000000ef3c0000,0x00000000efd10000)
 ParOldGen       total 42240K, used 12544K [0x00000000c2200000, 0x00000000c4b40000, 0x00000000eb600000)
  object space 42240K, 29% used [0x00000000c2200000,0x00000000c2e401a0,0x00000000c4b40000)
 PSPermGen       total 21824K, used 21700K [0x00000000b7c00000, 0x00000000b9150000, 0x00000000c2200000)
  object space 21824K, 99% used [0x00000000b7c00000,0x00000000b91311e0,0x00000000b9150000)
}
Event: 5.335 GC heap before
{Heap before GC invocations=7 (full 0):
 PSYoungGen      total 72640K, used 65842K [0x00000000eb600000, 0x00000000f0660000, 0x0000000100000000)
  eden space 63232K, 100% used [0x00000000eb600000,0x00000000ef3c0000,0x00000000ef3c0000)
  from space 9408K, 27% used [0x00000000efd30000,0x00000000effbca10,0x00000000f0660000)
  to   space 9536K, 0% used [0x00000000ef3c0000,0x00000000ef3c0000,0x00000000efd10000)
 ParOldGen       total 42240K, used 12544K [0x00000000c2200000, 0x00000000c4b40000, 0x00000000eb600000)
  object space 42240K, 29% used [0x00000000c2200000,0x00000000c2e401a0,0x00000000c4b40000)
 PSPermGen       total 22400K, used 22230K [0x00000000b7c00000, 0x00000000b91e0000, 0x00000000c2200000)
  object space 22400K, 99% used [0x00000000b7c00000,0x00000000b91b5990,0x00000000b91e0000)
Event: 5.344 GC heap after
Heap after GC invocations=7 (full 0):
 PSYoungGen      total 72768K, used 751K [0x00000000eb600000, 0x00000000f44a0000, 0x0000000100000000)
  eden space 63232K, 0% used [0x00000000eb600000,0x00000000eb600000,0x00000000ef3c0000)
  from space 9536K, 7% used [0x00000000ef3c0000,0x00000000ef47be88,0x00000000efd10000)
  to   space 9792K, 0% used [0x00000000f3b10000,0x00000000f3b10000,0x00000000f44a0000)
 ParOldGen       total 42240K, used 15079K [0x00000000c2200000, 0x00000000c4b40000, 0x00000000eb600000)
  object space 42240K, 35% used [0x00000000c2200000,0x00000000c30b9ee8,0x00000000c4b40000)
 PSPermGen       total 22400K, used 22230K [0x00000000b7c00000, 0x00000000b91e0000, 0x00000000c2200000)
  object space 22400K, 99% used [0x00000000b7c00000,0x00000000b91b5990,0x00000000b91e0000)
}
Event: 7.812 GC heap before
{Heap before GC invocations=8 (full 0):
 PSYoungGen      total 72768K, used 63983K [0x00000000eb600000, 0x00000000f44a0000, 0x0000000100000000)
  eden space 63232K, 100% used [0x00000000eb600000,0x00000000ef3c0000,0x00000000ef3c0000)
  from space 9536K, 7% used [0x00000000ef3c0000,0x00000000ef47be88,0x00000000efd10000)
  to   space 9792K, 0% used [0x00000000f3b10000,0x00000000f3b10000,0x00000000f44a0000)
 ParOldGen       total 42240K, used 15079K [0x00000000c2200000, 0x00000000c4b40000, 0x00000000eb600000)
  object space 42240K, 35% used [0x00000000c2200000,0x00000000c30b9ee8,0x00000000c4b40000)
 PSPermGen       total 24512K, used 24371K [0x00000000b7c00000, 0x00000000b93f0000, 0x00000000c2200000)
  object space 24512K, 99% used [0x00000000b7c00000,0x00000000b93ccf58,0x00000000b93f0000)
Event: 7.856 GC heap after
Heap after GC invocations=8 (full 0):
 PSYoungGen      total 130304K, used 9780K [0x00000000eb600000, 0x00000000f5040000, 0x0000000100000000)
  eden space 120512K, 0% used [0x00000000eb600000,0x00000000eb600000,0x00000000f2bb0000)
  from space 9792K, 99% used [0x00000000f3b10000,0x00000000f449d1c0,0x00000000f44a0000)
  to   space 15744K, 0% used [0x00000000f2bb0000,0x00000000f2bb0000,0x00000000f3b10000)
 ParOldGen       total 42240K, used 24696K [0x00000000c2200000, 0x00000000c4b40000, 0x00000000eb600000)
  object space 42240K, 58% used [0x00000000c2200000,0x00000000c3a1e0e0,0x00000000c4b40000)
 PSPermGen       total 24512K, used 24371K [0x00000000b7c00000, 0x00000000b93f0000, 0x00000000c2200000)
  object space 24512K, 99% used [0x00000000b7c00000,0x00000000b93ccf58,0x00000000b93f0000)
}
Event: 21.583 GC heap before
{Heap before GC invocations=9 (full 0):
 PSYoungGen      total 130304K, used 130292K [0x00000000eb600000, 0x00000000f5040000, 0x0000000100000000)
  eden space 120512K, 100% used [0x00000000eb600000,0x00000000f2bb0000,0x00000000f2bb0000)
  from space 9792K, 99% used [0x00000000f3b10000,0x00000000f449d1c0,0x00000000f44a0000)
  to   space 15744K, 0% used [0x00000000f2bb0000,0x00000000f2bb0000,0x00000000f3b10000)
 ParOldGen       total 42240K, used 24696K [0x00000000c2200000, 0x00000000c4b40000, 0x00000000eb600000)
  object space 42240K, 58% used [0x00000000c2200000,0x00000000c3a1e0e0,0x00000000c4b40000)
 PSPermGen       total 25664K, used 25549K [0x00000000b7c00000, 0x00000000b9510000, 0x00000000c2200000)
  object space 25664K, 99% used [0x00000000b7c00000,0x00000000b94f3758,0x00000000b9510000)
Event: 21.606 GC heap after
Heap after GC invocations=9 (full 0):
 PSYoungGen      total 136256K, used 9339K [0x00000000eb600000, 0x00000000f91b0000, 0x0000000100000000)
  eden space 120512K, 0% used [0x00000000eb600000,0x00000000eb600000,0x00000000f2bb0000)
  from space 15744K, 59% used [0x00000000f2bb0000,0x00000000f34cef10,0x00000000f3b10000)
  to   space 16064K, 0% used [0x00000000f8200000,0x00000000f8200000,0x00000000f91b0000)
 ParOldGen       total 42240K, used 24696K [0x00000000c2200000, 0x00000000c4b40000, 0x00000000eb600000)
  object space 42240K, 58% used [0x00000000c2200000,0x00000000c3a1e0e0,0x00000000c4b40000)
 PSPermGen       total 25664K, used 25549K [0x00000000b7c00000, 0x00000000b9510000, 0x00000000c2200000)
  object space 25664K, 99% used [0x00000000b7c00000,0x00000000b94f3758,0x00000000b9510000)
}

